<?xml version="1.0" encoding="UTF-8"?>
<!-- Generated by org.testng.reporters.JUnitReportReporter -->
<testsuite hostname="DESKTOP-M4145GV" failures="0" tests="4" name="Sdet_Excel.DataDrivenTesting_DataProvider" time="24.293" errors="0" timestamp="2022-11-01T13:18:23 IST" skipped="0">
  <testcase classname="Sdet_Excel.DataDrivenTesting_DataProvider" name="loginTest" time="17.761"/>
  <system-out/>
  <testcase classname="Sdet_Excel.DataDrivenTesting_DataProvider" name="loginTest" time="1.699"/>
  <system-out/>
  <testcase classname="Sdet_Excel.DataDrivenTesting_DataProvider" name="loginTest" time="1.354"/>
  <system-out/>
  <testcase classname="Sdet_Excel.DataDrivenTesting_DataProvider" name="loginTest" time="3.479"/>
  <system-out/>
</testsuite> <!-- Sdet_Excel.DataDrivenTesting_DataProvider -->
